2025-10-24 23:14:24,473 [INFO] 🔥 Chat server started on 0.0.0.0:9090 🔥
2025-10-24 23:28:45,270 [INFO] Shutting down server...
2025-10-24 23:28:45,271 [INFO] Server shutdown complete
2025-10-24 23:30:20,259 [ERROR] Failed to start server: [Errno -2] Name or service not known
2025-10-24 23:30:59,458 [ERROR] Failed to start server: [Errno -2] Name or service not known
2025-10-24 23:31:43,249 [ERROR] Failed to start server: [Errno -2] Name or service not known
2025-10-24 23:32:38,312 [ERROR] Failed to start server: [Errno -2] Name or service not known
2025-10-24 23:33:53,663 [INFO] 🔥 Chat server started on 127.0.0.1run:9090 🔥
2025-10-24 23:34:42,061 [INFO] New connection from ('127.0.0.1', 53184)
2025-10-24 23:34:42,069 [INFO] Client disconnected: GET / HTTP/1.1
Host: localhost:9090
Connection: keep-alive
sec-ch-ua: "Google Chrome";v="141", "Not?A_Brand";v="8", "Chromium";v="141"
sec-ch-ua-mobile: ?0
sec-ch-ua-platform: "Linux"
Upgrade-Insecure-Requests: 1
User-Agent: Mozilla/5.0 (X11; Linux x86_64) AppleWebKit/537.36 (KHTML, like Gecko) Chrome/141.0.0.0 Safari/537.36
Accept: text/html,application/xhtml+xml,application/xml;q=0.9,image/avif,image/webp,image/apng,*/*;q=0.8,application/signed-exchange;v=b3;q=0.7
Sec-Fetch-Site: none
Sec-Fetch-Mode: navigate
Sec-Fetch-User: ?1
Sec-Fetch-Dest: document
Accept-Encoding: gzip, deflate, br, zstd
Accept-Language: en-US,en;q=0.9
Cookie: rl_page_init_referrer=RudderEncrypt%3AU2FsdGVkX19HuO7Dn%2Fm6hX8rhhVwuWP6n7sEh61qZYo%3D; rl_page_init_referring_domain=RudderEncrypt%3AU2FsdGVkX1%2B0%2BBS10aODEc1rfkZHBUZiF47Sv8d79UU%3D; n8n-auth=eyJhbGciOiJIUzI1NiIsInR5cCI6IkpXVCJ9.eyJpZCI6ImRiMzUxNzMyLTE1MjUtNGYyYi1iNjhiLTY2YTViNTY4ZGUwZCIsImhhc2giOiJWQzI1RU9BZUFyIiwiYnJvd3NlcklkIjoiajJraGJLQVdEdkt2MlgzV3plQytVU2J
2025-10-24 23:34:42,102 [INFO] New connection from ('127.0.0.1', 53186)
2025-10-24 23:34:42,112 [INFO] New connection from ('127.0.0.1', 53196)
2025-10-24 23:34:43,178 [INFO] Client disconnected: GET / HTTP/1.1
Host: localhost:9090
Connection: keep-alive
Cache-Control: max-age=0
sec-ch-ua: "Google Chrome";v="141", "Not?A_Brand";v="8", "Chromium";v="141"
sec-ch-ua-mobile: ?0
sec-ch-ua-platform: "Linux"
Upgrade-Insecure-Requests: 1
User-Agent: Mozilla/5.0 (X11; Linux x86_64) AppleWebKit/537.36 (KHTML, like Gecko) Chrome/141.0.0.0 Safari/537.36
Accept: text/html,application/xhtml+xml,application/xml;q=0.9,image/avif,image/webp,image/apng,*/*;q=0.8,application/signed-exchange;v=b3;q=0.7
Sec-Fetch-Site: none
Sec-Fetch-Mode: navigate
Sec-Fetch-User: ?1
Sec-Fetch-Dest: document
Accept-Encoding: gzip, deflate, br, zstd
Accept-Language: en-US,en;q=0.9
Cookie: rl_page_init_referrer=RudderEncrypt%3AU2FsdGVkX19HuO7Dn%2Fm6hX8rhhVwuWP6n7sEh61qZYo%3D; rl_page_init_referring_domain=RudderEncrypt%3AU2FsdGVkX1%2B0%2BBS10aODEc1rfkZHBUZiF47Sv8d79UU%3D; n8n-auth=eyJhbGciOiJIUzI1NiIsInR5cCI6IkpXVCJ9.eyJpZCI6ImRiMzUxNzMyLTE1MjUtNGYyYi1iNjhiLTY2YTViNTY4ZGUwZCIsImhhc2giOiJWQzI1RU9BZUFyIiwiYnJvd3NlcklkIjoiajJra
2025-10-24 23:34:48,214 [INFO] Client disconnected: GET / HTTP/1.1
Host: localhost:9090
Connection: keep-alive
Cache-Control: max-age=0
sec-ch-ua: "Google Chrome";v="141", "Not?A_Brand";v="8", "Chromium";v="141"
sec-ch-ua-mobile: ?0
sec-ch-ua-platform: "Linux"
Upgrade-Insecure-Requests: 1
User-Agent: Mozilla/5.0 (X11; Linux x86_64) AppleWebKit/537.36 (KHTML, like Gecko) Chrome/141.0.0.0 Safari/537.36
Accept: text/html,application/xhtml+xml,application/xml;q=0.9,image/avif,image/webp,image/apng,*/*;q=0.8,application/signed-exchange;v=b3;q=0.7
Sec-Fetch-Site: none
Sec-Fetch-Mode: navigate
Sec-Fetch-User: ?1
Sec-Fetch-Dest: document
Accept-Encoding: gzip, deflate, br, zstd
Accept-Language: en-US,en;q=0.9
Cookie: rl_page_init_referrer=RudderEncrypt%3AU2FsdGVkX19HuO7Dn%2Fm6hX8rhhVwuWP6n7sEh61qZYo%3D; rl_page_init_referring_domain=RudderEncrypt%3AU2FsdGVkX1%2B0%2BBS10aODEc1rfkZHBUZiF47Sv8d79UU%3D; n8n-auth=eyJhbGciOiJIUzI1NiIsInR5cCI6IkpXVCJ9.eyJpZCI6ImRiMzUxNzMyLTE1MjUtNGYyYi1iNjhiLTY2YTViNTY4ZGUwZCIsImhhc2giOiJWQzI1RU9BZUFyIiwiYnJvd3NlcklkIjoiajJra
2025-10-24 23:35:18,246 [INFO] New connection from ('127.0.0.1', 48394)
2025-10-24 23:35:18,252 [INFO] New connection from ('127.0.0.1', 48404)
2025-10-24 23:35:18,256 [INFO] New connection from ('127.0.0.1', 48418)
2025-10-24 23:36:18,281 [INFO] New connection from ('127.0.0.1', 47784)
2025-10-24 23:36:18,283 [INFO] New connection from ('127.0.0.1', 47792)
